<?xml version="1.0" encoding="UTF-8"?>
<testsuite xmlns:xsi="http://www.w3.org/2001/XMLSchema-instance" xsi:noNamespaceSchemaLocation="https://maven.apache.org/surefire/maven-surefire-plugin/xsd/surefire-test-report-3.0.xsd" version="3.0" name="org.fpij.jitakyoei.model.beans.AlunoTest" time="0.018" tests="1" errors="0" skipped="0" failures="0">
  <properties>
    <property name="sun.desktop" value="windows"/>
    <property name="awt.toolkit" value="sun.awt.windows.WToolkit"/>
    <property name="file.encoding.pkg" value="sun.io"/>
    <property name="java.specification.version" value="1.8"/>
    <property name="sun.cpu.isalist" value="amd64"/>
    <property name="sun.jnu.encoding" value="Cp1252"/>
    <property name="java.class.path" value="C:\Users\gabri\OneDrive\Documentos\GitHub\Sistema-de-Judocas\target\test-classes;C:\Users\gabri\OneDrive\Documentos\GitHub\Sistema-de-Judocas\target\classes;C:\Users\gabri\.m2\repository\org\junit\jupiter\junit-jupiter-params\5.9.0\junit-jupiter-params-5.9.0.jar;C:\Users\gabri\.m2\repository\org\apiguardian\apiguardian-api\1.1.2\apiguardian-api-1.1.2.jar;C:\Users\gabri\.m2\repository\org\junit\jupiter\junit-jupiter-api\5.9.1\junit-jupiter-api-5.9.1.jar;C:\Users\gabri\.m2\repository\org\opentest4j\opentest4j\1.2.0\opentest4j-1.2.0.jar;C:\Users\gabri\.m2\repository\org\junit\platform\junit-platform-commons\1.9.1\junit-platform-commons-1.9.1.jar;C:\Users\gabri\.m2\repository\org\assertj\assertj-core\3.23.1\assertj-core-3.23.1.jar;C:\Users\gabri\.m2\repository\net\bytebuddy\byte-buddy\1.12.10\byte-buddy-1.12.10.jar;C:\Users\gabri\.m2\repository\org\junit\vintage\junit-vintage-engine\5.7.0\junit-vintage-engine-5.7.0.jar;C:\Users\gabri\.m2\repository\org\junit\platform\junit-platform-engine\1.7.0\junit-platform-engine-1.7.0.jar;C:\Users\gabri\.m2\repository\junit\junit\4.13\junit-4.13.jar;C:\Users\gabri\.m2\repository\org\hamcrest\hamcrest-core\1.3\hamcrest-core-1.3.jar;C:\Users\gabri\.m2\repository\org\junit\jupiter\junit-jupiter-engine\5.7.0\junit-jupiter-engine-5.7.0.jar;C:\Users\gabri\.m2\repository\org\mockito\mockito-junit-jupiter\4.5.1\mockito-junit-jupiter-4.5.1.jar;C:\Users\gabri\.m2\repository\org\mockito\mockito-core\4.5.1\mockito-core-4.5.1.jar;C:\Users\gabri\.m2\repository\net\bytebuddy\byte-buddy-agent\1.12.9\byte-buddy-agent-1.12.9.jar;C:\Users\gabri\.m2\repository\org\objenesis\objenesis\3.2\objenesis-3.2.jar;C:\Users\gabri\.m2\repository\org\apache\maven\plugins\maven-compiler-plugin\3.8.1\maven-compiler-plugin-3.8.1.jar;C:\Users\gabri\.m2\repository\org\apache\maven\maven-plugin-api\3.0\maven-plugin-api-3.0.jar;C:\Users\gabri\.m2\repository\org\apache\maven\maven-model\3.0\maven-model-3.0.jar;C:\Users\gabri\.m2\repository\org\sonatype\sisu\sisu-inject-plexus\1.4.2\sisu-inject-plexus-1.4.2.jar;C:\Users\gabri\.m2\repository\org\sonatype\sisu\sisu-inject-bean\1.4.2\sisu-inject-bean-1.4.2.jar;C:\Users\gabri\.m2\repository\org\sonatype\sisu\sisu-guice\2.1.7\sisu-guice-2.1.7-noaop.jar;C:\Users\gabri\.m2\repository\org\apache\maven\maven-artifact\3.0\maven-artifact-3.0.jar;C:\Users\gabri\.m2\repository\org\apache\maven\maven-core\3.0\maven-core-3.0.jar;C:\Users\gabri\.m2\repository\org\apache\maven\maven-settings\3.0\maven-settings-3.0.jar;C:\Users\gabri\.m2\repository\org\apache\maven\maven-settings-builder\3.0\maven-settings-builder-3.0.jar;C:\Users\gabri\.m2\repository\org\apache\maven\maven-repository-metadata\3.0\maven-repository-metadata-3.0.jar;C:\Users\gabri\.m2\repository\org\apache\maven\maven-model-builder\3.0\maven-model-builder-3.0.jar;C:\Users\gabri\.m2\repository\org\apache\maven\maven-aether-provider\3.0\maven-aether-provider-3.0.jar;C:\Users\gabri\.m2\repository\org\sonatype\aether\aether-impl\1.7\aether-impl-1.7.jar;C:\Users\gabri\.m2\repository\org\sonatype\aether\aether-spi\1.7\aether-spi-1.7.jar;C:\Users\gabri\.m2\repository\org\sonatype\aether\aether-api\1.7\aether-api-1.7.jar;C:\Users\gabri\.m2\repository\org\sonatype\aether\aether-util\1.7\aether-util-1.7.jar;C:\Users\gabri\.m2\repository\org\codehaus\plexus\plexus-interpolation\1.14\plexus-interpolation-1.14.jar;C:\Users\gabri\.m2\repository\org\codehaus\plexus\plexus-classworlds\2.2.3\plexus-classworlds-2.2.3.jar;C:\Users\gabri\.m2\repository\org\codehaus\plexus\plexus-component-annotations\1.5.5\plexus-component-annotations-1.5.5.jar;C:\Users\gabri\.m2\repository\org\sonatype\plexus\plexus-sec-dispatcher\1.3\plexus-sec-dispatcher-1.3.jar;C:\Users\gabri\.m2\repository\org\sonatype\plexus\plexus-cipher\1.4\plexus-cipher-1.4.jar;C:\Users\gabri\.m2\repository\org\apache\maven\shared\maven-shared-utils\3.2.1\maven-shared-utils-3.2.1.jar;C:\Users\gabri\.m2\repository\commons-io\commons-io\2.5\commons-io-2.5.jar;C:\Users\gabri\.m2\repository\org\apache\maven\shared\maven-shared-incremental\1.1\maven-shared-incremental-1.1.jar;C:\Users\gabri\.m2\repository\org\codehaus\plexus\plexus-java\0.9.10\plexus-java-0.9.10.jar;C:\Users\gabri\.m2\repository\org\ow2\asm\asm\6.2\asm-6.2.jar;C:\Users\gabri\.m2\repository\com\thoughtworks\qdox\qdox\2.0-M8\qdox-2.0-M8.jar;C:\Users\gabri\.m2\repository\org\codehaus\plexus\plexus-compiler-api\2.8.4\plexus-compiler-api-2.8.4.jar;C:\Users\gabri\.m2\repository\org\codehaus\plexus\plexus-compiler-manager\2.8.4\plexus-compiler-manager-2.8.4.jar;C:\Users\gabri\.m2\repository\org\codehaus\plexus\plexus-compiler-javac\2.8.4\plexus-compiler-javac-2.8.4.jar;C:\Users\gabri\.m2\repository\org\codehaus\mojo\exec-maven-plugin\3.1.0\exec-maven-plugin-3.1.0.jar;C:\Users\gabri\.m2\repository\org\codehaus\plexus\plexus-utils\3.4.2\plexus-utils-3.4.2.jar;C:\Users\gabri\.m2\repository\org\apache\commons\commons-exec\1.3\commons-exec-1.3.jar;C:\Users\gabri\.m2\repository\db4o\db4o\7.4.106.13438\db4o-7.4.106.13438.jar;C:\Users\gabri\.m2\repository\com\toedter\jcalendar\1.4\jcalendar-1.4.jar;C:\Users\gabri\.m2\repository\com\jgoodies\jgoodies-forms\1.9.0\jgoodies-forms-1.9.0.jar;C:\Users\gabri\.m2\repository\com\jgoodies\jgoodies-common\1.8.1\jgoodies-common-1.8.1.jar;C:\Users\gabri\.m2\repository\com\cedarsoft\commons\swing\jgoodies\8.9.2\jgoodies-8.9.2.jar;C:\Users\gabri\.m2\repository\com\cedarsoft\dependencies-sets\annotations\8.9.2\annotations-8.9.2.jar;C:\Users\gabri\.m2\repository\com\google\code\findbugs\jsr305\3.0.2\jsr305-3.0.2.jar;C:\Users\gabri\.m2\repository\javax\inject\javax.inject\1\javax.inject-1.jar;C:\Users\gabri\.m2\repository\com\cedarsoft\annotations\8.9.2\annotations-8.9.2.jar;C:\Users\gabri\.m2\repository\com\jgoodies\jgoodies-binding\2.13.0\jgoodies-binding-2.13.0.jar;C:\Users\gabri\.m2\repository\com\jgoodies\jgoodies-validation\2.5.1\jgoodies-validation-2.5.1.jar;C:\Users\gabri\.m2\repository\net\java\dev\glazedlists\glazedlists_java16\1.10.0\glazedlists_java16-1.10.0.jar;C:\Users\gabri\.m2\repository\com\miglayout\miglayout-swing\5.2\miglayout-swing-5.2.jar;C:\Users\gabri\.m2\repository\com\miglayout\miglayout-core\5.2\miglayout-core-5.2.jar;C:\Users\gabri\.m2\repository\tablelayout\TableLayout\20050920\TableLayout-20050920.jar;C:\Users\gabri\.m2\repository\forms\forms\1.0\forms-1.0.jar;C:\Users\gabri\.m2\repository\jcalendar\jcalendar\1.3.3\jcalendar-1.3.3.jar;C:\Users\gabri\.m2\repository\PgsLookAndFeel\PgsLookAndFeel\1.0\PgsLookAndFeel-1.0.jar;C:\Users\gabri\.m2\repository\TableLayout\TableLayout\1.0\TableLayout-1.0.jar;C:\Users\gabri\.m2\repository\TableLayout-javadoc\TableLayout-javadoc\1.0\TableLayout-javadoc-1.0.jar;C:\Users\gabri\.m2\repository\TableLayout-src\TableLayout-src\1.0\TableLayout-src-1.0.jar;C:\Users\gabri\.m2\repository\genesis\backport175\1.1\backport175-1.1.jar;C:\Users\gabri\.m2\repository\genesis\genesis-annotation\3.2\genesis-annotation-3.2.jar;C:\Users\gabri\.m2\repository\genesis\genesis-client\3.2\genesis-client-3.2.jar;C:\Users\gabri\.m2\repository\genesis\genesis-client-swing\3.2\genesis-client-swing-3.2.jar;C:\Users\gabri\.m2\repository\genesis\genesis-shared-annotated\3.2\genesis-shared-annotated-3.2.jar;C:\Users\gabri\.m2\repository\genesis\commons-beanutils\1.7\commons-beanutils-1.7.jar;C:\Users\gabri\.m2\repository\genesis\commons-logging\1.1\commons-logging-1.1.jar;C:\Users\gabri\.m2\repository\genesis\reusable-components\1.0\reusable-components-1.0.jar;C:\Users\gabri\.m2\repository\org\hamcrest\hamcrest\2.2\hamcrest-2.2.jar;"/>
    <property name="java.vm.vendor" value="Azul Systems, Inc."/>
    <property name="sun.arch.data.model" value="64"/>
    <property name="user.variant" value=""/>
    <property name="java.vendor.url" value="http://www.azul.com/"/>
    <property name="user.timezone" value="America/Sao_Paulo"/>
    <property name="java.vm.specification.version" value="1.8"/>
    <property name="os.name" value="Windows 11"/>
    <property name="sun.java.launcher" value="SUN_STANDARD"/>
    <property name="user.country" value="BR"/>
    <property name="sun.boot.library.path" value="C:\Users\gabri\OneDrive\Documentos\NetBeansJDKs\zulu8.70.0.23-ca-jdk8.0.372-win_x64_1\zulu8.70.0.23-ca-jdk8.0.372-win_x64\jre\bin"/>
    <property name="sun.java.command" value="C:\Users\gabri\AppData\Local\Temp\surefire6322465585412637743\surefirebooter-20230530030731460_3.jar C:\Users\gabri\AppData\Local\Temp\surefire6322465585412637743 2023-05-30T03-07-30_151-jvmRun1 surefire-20230530030731460_1tmp surefire_0-20230530030731460_2tmp"/>
    <property name="test" value="org.fpij.jitakyoei.model.beans.AlunoTest#criacaoAluno"/>
    <property name="surefire.test.class.path" value="C:\Users\gabri\OneDrive\Documentos\GitHub\Sistema-de-Judocas\target\test-classes;C:\Users\gabri\OneDrive\Documentos\GitHub\Sistema-de-Judocas\target\classes;C:\Users\gabri\.m2\repository\org\junit\jupiter\junit-jupiter-params\5.9.0\junit-jupiter-params-5.9.0.jar;C:\Users\gabri\.m2\repository\org\apiguardian\apiguardian-api\1.1.2\apiguardian-api-1.1.2.jar;C:\Users\gabri\.m2\repository\org\junit\jupiter\junit-jupiter-api\5.9.1\junit-jupiter-api-5.9.1.jar;C:\Users\gabri\.m2\repository\org\opentest4j\opentest4j\1.2.0\opentest4j-1.2.0.jar;C:\Users\gabri\.m2\repository\org\junit\platform\junit-platform-commons\1.9.1\junit-platform-commons-1.9.1.jar;C:\Users\gabri\.m2\repository\org\assertj\assertj-core\3.23.1\assertj-core-3.23.1.jar;C:\Users\gabri\.m2\repository\net\bytebuddy\byte-buddy\1.12.10\byte-buddy-1.12.10.jar;C:\Users\gabri\.m2\repository\org\junit\vintage\junit-vintage-engine\5.7.0\junit-vintage-engine-5.7.0.jar;C:\Users\gabri\.m2\repository\org\junit\platform\junit-platform-engine\1.7.0\junit-platform-engine-1.7.0.jar;C:\Users\gabri\.m2\repository\junit\junit\4.13\junit-4.13.jar;C:\Users\gabri\.m2\repository\org\hamcrest\hamcrest-core\1.3\hamcrest-core-1.3.jar;C:\Users\gabri\.m2\repository\org\junit\jupiter\junit-jupiter-engine\5.7.0\junit-jupiter-engine-5.7.0.jar;C:\Users\gabri\.m2\repository\org\mockito\mockito-junit-jupiter\4.5.1\mockito-junit-jupiter-4.5.1.jar;C:\Users\gabri\.m2\repository\org\mockito\mockito-core\4.5.1\mockito-core-4.5.1.jar;C:\Users\gabri\.m2\repository\net\bytebuddy\byte-buddy-agent\1.12.9\byte-buddy-agent-1.12.9.jar;C:\Users\gabri\.m2\repository\org\objenesis\objenesis\3.2\objenesis-3.2.jar;C:\Users\gabri\.m2\repository\org\apache\maven\plugins\maven-compiler-plugin\3.8.1\maven-compiler-plugin-3.8.1.jar;C:\Users\gabri\.m2\repository\org\apache\maven\maven-plugin-api\3.0\maven-plugin-api-3.0.jar;C:\Users\gabri\.m2\repository\org\apache\maven\maven-model\3.0\maven-model-3.0.jar;C:\Users\gabri\.m2\repository\org\sonatype\sisu\sisu-inject-plexus\1.4.2\sisu-inject-plexus-1.4.2.jar;C:\Users\gabri\.m2\repository\org\sonatype\sisu\sisu-inject-bean\1.4.2\sisu-inject-bean-1.4.2.jar;C:\Users\gabri\.m2\repository\org\sonatype\sisu\sisu-guice\2.1.7\sisu-guice-2.1.7-noaop.jar;C:\Users\gabri\.m2\repository\org\apache\maven\maven-artifact\3.0\maven-artifact-3.0.jar;C:\Users\gabri\.m2\repository\org\apache\maven\maven-core\3.0\maven-core-3.0.jar;C:\Users\gabri\.m2\repository\org\apache\maven\maven-settings\3.0\maven-settings-3.0.jar;C:\Users\gabri\.m2\repository\org\apache\maven\maven-settings-builder\3.0\maven-settings-builder-3.0.jar;C:\Users\gabri\.m2\repository\org\apache\maven\maven-repository-metadata\3.0\maven-repository-metadata-3.0.jar;C:\Users\gabri\.m2\repository\org\apache\maven\maven-model-builder\3.0\maven-model-builder-3.0.jar;C:\Users\gabri\.m2\repository\org\apache\maven\maven-aether-provider\3.0\maven-aether-provider-3.0.jar;C:\Users\gabri\.m2\repository\org\sonatype\aether\aether-impl\1.7\aether-impl-1.7.jar;C:\Users\gabri\.m2\repository\org\sonatype\aether\aether-spi\1.7\aether-spi-1.7.jar;C:\Users\gabri\.m2\repository\org\sonatype\aether\aether-api\1.7\aether-api-1.7.jar;C:\Users\gabri\.m2\repository\org\sonatype\aether\aether-util\1.7\aether-util-1.7.jar;C:\Users\gabri\.m2\repository\org\codehaus\plexus\plexus-interpolation\1.14\plexus-interpolation-1.14.jar;C:\Users\gabri\.m2\repository\org\codehaus\plexus\plexus-classworlds\2.2.3\plexus-classworlds-2.2.3.jar;C:\Users\gabri\.m2\repository\org\codehaus\plexus\plexus-component-annotations\1.5.5\plexus-component-annotations-1.5.5.jar;C:\Users\gabri\.m2\repository\org\sonatype\plexus\plexus-sec-dispatcher\1.3\plexus-sec-dispatcher-1.3.jar;C:\Users\gabri\.m2\repository\org\sonatype\plexus\plexus-cipher\1.4\plexus-cipher-1.4.jar;C:\Users\gabri\.m2\repository\org\apache\maven\shared\maven-shared-utils\3.2.1\maven-shared-utils-3.2.1.jar;C:\Users\gabri\.m2\repository\commons-io\commons-io\2.5\commons-io-2.5.jar;C:\Users\gabri\.m2\repository\org\apache\maven\shared\maven-shared-incremental\1.1\maven-shared-incremental-1.1.jar;C:\Users\gabri\.m2\repository\org\codehaus\plexus\plexus-java\0.9.10\plexus-java-0.9.10.jar;C:\Users\gabri\.m2\repository\org\ow2\asm\asm\6.2\asm-6.2.jar;C:\Users\gabri\.m2\repository\com\thoughtworks\qdox\qdox\2.0-M8\qdox-2.0-M8.jar;C:\Users\gabri\.m2\repository\org\codehaus\plexus\plexus-compiler-api\2.8.4\plexus-compiler-api-2.8.4.jar;C:\Users\gabri\.m2\repository\org\codehaus\plexus\plexus-compiler-manager\2.8.4\plexus-compiler-manager-2.8.4.jar;C:\Users\gabri\.m2\repository\org\codehaus\plexus\plexus-compiler-javac\2.8.4\plexus-compiler-javac-2.8.4.jar;C:\Users\gabri\.m2\repository\org\codehaus\mojo\exec-maven-plugin\3.1.0\exec-maven-plugin-3.1.0.jar;C:\Users\gabri\.m2\repository\org\codehaus\plexus\plexus-utils\3.4.2\plexus-utils-3.4.2.jar;C:\Users\gabri\.m2\repository\org\apache\commons\commons-exec\1.3\commons-exec-1.3.jar;C:\Users\gabri\.m2\repository\db4o\db4o\7.4.106.13438\db4o-7.4.106.13438.jar;C:\Users\gabri\.m2\repository\com\toedter\jcalendar\1.4\jcalendar-1.4.jar;C:\Users\gabri\.m2\repository\com\jgoodies\jgoodies-forms\1.9.0\jgoodies-forms-1.9.0.jar;C:\Users\gabri\.m2\repository\com\jgoodies\jgoodies-common\1.8.1\jgoodies-common-1.8.1.jar;C:\Users\gabri\.m2\repository\com\cedarsoft\commons\swing\jgoodies\8.9.2\jgoodies-8.9.2.jar;C:\Users\gabri\.m2\repository\com\cedarsoft\dependencies-sets\annotations\8.9.2\annotations-8.9.2.jar;C:\Users\gabri\.m2\repository\com\google\code\findbugs\jsr305\3.0.2\jsr305-3.0.2.jar;C:\Users\gabri\.m2\repository\javax\inject\javax.inject\1\javax.inject-1.jar;C:\Users\gabri\.m2\repository\com\cedarsoft\annotations\8.9.2\annotations-8.9.2.jar;C:\Users\gabri\.m2\repository\com\jgoodies\jgoodies-binding\2.13.0\jgoodies-binding-2.13.0.jar;C:\Users\gabri\.m2\repository\com\jgoodies\jgoodies-validation\2.5.1\jgoodies-validation-2.5.1.jar;C:\Users\gabri\.m2\repository\net\java\dev\glazedlists\glazedlists_java16\1.10.0\glazedlists_java16-1.10.0.jar;C:\Users\gabri\.m2\repository\com\miglayout\miglayout-swing\5.2\miglayout-swing-5.2.jar;C:\Users\gabri\.m2\repository\com\miglayout\miglayout-core\5.2\miglayout-core-5.2.jar;C:\Users\gabri\.m2\repository\tablelayout\TableLayout\20050920\TableLayout-20050920.jar;C:\Users\gabri\.m2\repository\forms\forms\1.0\forms-1.0.jar;C:\Users\gabri\.m2\repository\jcalendar\jcalendar\1.3.3\jcalendar-1.3.3.jar;C:\Users\gabri\.m2\repository\PgsLookAndFeel\PgsLookAndFeel\1.0\PgsLookAndFeel-1.0.jar;C:\Users\gabri\.m2\repository\TableLayout\TableLayout\1.0\TableLayout-1.0.jar;C:\Users\gabri\.m2\repository\TableLayout-javadoc\TableLayout-javadoc\1.0\TableLayout-javadoc-1.0.jar;C:\Users\gabri\.m2\repository\TableLayout-src\TableLayout-src\1.0\TableLayout-src-1.0.jar;C:\Users\gabri\.m2\repository\genesis\backport175\1.1\backport175-1.1.jar;C:\Users\gabri\.m2\repository\genesis\genesis-annotation\3.2\genesis-annotation-3.2.jar;C:\Users\gabri\.m2\repository\genesis\genesis-client\3.2\genesis-client-3.2.jar;C:\Users\gabri\.m2\repository\genesis\genesis-client-swing\3.2\genesis-client-swing-3.2.jar;C:\Users\gabri\.m2\repository\genesis\genesis-shared-annotated\3.2\genesis-shared-annotated-3.2.jar;C:\Users\gabri\.m2\repository\genesis\commons-beanutils\1.7\commons-beanutils-1.7.jar;C:\Users\gabri\.m2\repository\genesis\commons-logging\1.1\commons-logging-1.1.jar;C:\Users\gabri\.m2\repository\genesis\reusable-components\1.0\reusable-components-1.0.jar;C:\Users\gabri\.m2\repository\org\hamcrest\hamcrest\2.2\hamcrest-2.2.jar;"/>
    <property name="sun.cpu.endian" value="little"/>
    <property name="user.home" value="C:\Users\gabri"/>
    <property name="user.language" value="pt"/>
    <property name="java.specification.vendor" value="Oracle Corporation"/>
    <property name="java.home" value="C:\Users\gabri\OneDrive\Documentos\NetBeansJDKs\zulu8.70.0.23-ca-jdk8.0.372-win_x64_1\zulu8.70.0.23-ca-jdk8.0.372-win_x64\jre"/>
    <property name="basedir" value="C:\Users\gabri\OneDrive\Documentos\GitHub\Sistema-de-Judocas"/>
    <property name="file.separator" value="\"/>
    <property name="line.separator" value="&#10;"/>
    <property name="jdk.vendor.version" value="Zulu 8.70.0.23-CA-win64"/>
    <property name="java.vm.specification.vendor" value="Oracle Corporation"/>
    <property name="java.specification.name" value="Java Platform API Specification"/>
    <property name="java.awt.graphicsenv" value="sun.awt.Win32GraphicsEnvironment"/>
    <property name="surefire.real.class.path" value="C:\Users\gabri\AppData\Local\Temp\surefire6322465585412637743\surefirebooter-20230530030731460_3.jar"/>
    <property name="sun.boot.class.path" value="C:\Users\gabri\OneDrive\Documentos\NetBeansJDKs\zulu8.70.0.23-ca-jdk8.0.372-win_x64_1\zulu8.70.0.23-ca-jdk8.0.372-win_x64\jre\lib\resources.jar;C:\Users\gabri\OneDrive\Documentos\NetBeansJDKs\zulu8.70.0.23-ca-jdk8.0.372-win_x64_1\zulu8.70.0.23-ca-jdk8.0.372-win_x64\jre\lib\rt.jar;C:\Users\gabri\OneDrive\Documentos\NetBeansJDKs\zulu8.70.0.23-ca-jdk8.0.372-win_x64_1\zulu8.70.0.23-ca-jdk8.0.372-win_x64\jre\lib\sunrsasign.jar;C:\Users\gabri\OneDrive\Documentos\NetBeansJDKs\zulu8.70.0.23-ca-jdk8.0.372-win_x64_1\zulu8.70.0.23-ca-jdk8.0.372-win_x64\jre\lib\jsse.jar;C:\Users\gabri\OneDrive\Documentos\NetBeansJDKs\zulu8.70.0.23-ca-jdk8.0.372-win_x64_1\zulu8.70.0.23-ca-jdk8.0.372-win_x64\jre\lib\jce.jar;C:\Users\gabri\OneDrive\Documentos\NetBeansJDKs\zulu8.70.0.23-ca-jdk8.0.372-win_x64_1\zulu8.70.0.23-ca-jdk8.0.372-win_x64\jre\lib\charsets.jar;C:\Users\gabri\OneDrive\Documentos\NetBeansJDKs\zulu8.70.0.23-ca-jdk8.0.372-win_x64_1\zulu8.70.0.23-ca-jdk8.0.372-win_x64\jre\lib\jfr.jar;C:\Users\gabri\OneDrive\Documentos\NetBeansJDKs\zulu8.70.0.23-ca-jdk8.0.372-win_x64_1\zulu8.70.0.23-ca-jdk8.0.372-win_x64\jre\lib\cat.jar;C:\Users\gabri\OneDrive\Documentos\NetBeansJDKs\zulu8.70.0.23-ca-jdk8.0.372-win_x64_1\zulu8.70.0.23-ca-jdk8.0.372-win_x64\jre\classes"/>
    <property name="user.script" value=""/>
    <property name="sun.management.compiler" value="HotSpot 64-Bit Tiered Compilers"/>
    <property name="java.runtime.version" value="1.8.0_372-b07"/>
    <property name="user.name" value="gabri"/>
    <property name="path.separator" value=";"/>
    <property name="os.version" value="10.0"/>
    <property name="java.endorsed.dirs" value="C:\Users\gabri\OneDrive\Documentos\NetBeansJDKs\zulu8.70.0.23-ca-jdk8.0.372-win_x64_1\zulu8.70.0.23-ca-jdk8.0.372-win_x64\jre\lib\endorsed"/>
    <property name="java.runtime.name" value="OpenJDK Runtime Environment"/>
    <property name="file.encoding" value="Cp1252"/>
    <property name="java.vm.name" value="OpenJDK 64-Bit Server VM"/>
    <property name="maven.ext.class.path" value="C:\Program Files\NetBeans-17\netbeans\java\maven-nblib\netbeans-eventspy.jar"/>
    <property name="localRepository" value="C:\Users\gabri\.m2\repository"/>
    <property name="java.vendor.url.bug" value="http://www.azul.com/support/"/>
    <property name="java.io.tmpdir" value="C:\Users\gabri\AppData\Local\Temp\"/>
    <property name="java.version" value="1.8.0_372"/>
    <property name="user.dir" value="C:\Users\gabri\OneDrive\Documentos\GitHub\Sistema-de-Judocas"/>
    <property name="os.arch" value="amd64"/>
    <property name="java.vm.specification.name" value="Java Virtual Machine Specification"/>
    <property name="java.awt.printerjob" value="sun.awt.windows.WPrinterJob"/>
    <property name="sun.os.patch.level" value=""/>
    <property name="java.library.path" value="C:\Users\gabri\OneDrive\Documentos\NetBeansJDKs\zulu8.70.0.23-ca-jdk8.0.372-win_x64_1\zulu8.70.0.23-ca-jdk8.0.372-win_x64\jre\bin;C:\Windows\Sun\Java\bin;C:\Windows\system32;C:\Windows;C:\Program Files\Common Files\Oracle\Java\javapath;C:\Windows\system32;C:\Windows;C:\Windows\System32\Wbem;C:\Windows\System32\WindowsPowerShell\v1.0\;C:\Windows\System32\OpenSSH\;C:\Program Files (x86)\NVIDIA Corporation\PhysX\Common;C:\Program Files\nodejs\;C:\Users\gabri\AppData\Local\Programs\Python\Python311\Scripts\;C:\Users\gabri\AppData\Local\Programs\Python\Python311\;C:\Users\gabri\AppData\Local\Microsoft\WindowsApps;C:\Users\gabri\AppData\Roaming\npm;C:\Users\gabri\AppData\Local\GitHubDesktop\bin;C:\Users\gabri\AppData\Local\Programs\Microsoft VS Code\bin;."/>
    <property name="java.vm.info" value="mixed mode"/>
    <property name="java.vendor" value="Azul Systems, Inc."/>
    <property name="java.vm.version" value="25.372-b07"/>
    <property name="java.specification.maintenance.version" value="4"/>
    <property name="java.ext.dirs" value="C:\Users\gabri\OneDrive\Documentos\NetBeansJDKs\zulu8.70.0.23-ca-jdk8.0.372-win_x64_1\zulu8.70.0.23-ca-jdk8.0.372-win_x64\jre\lib\ext;C:\Windows\Sun\Java\lib\ext"/>
    <property name="sun.io.unicode.encoding" value="UnicodeLittle"/>
    <property name="java.class.version" value="52.0"/>
  </properties>
  <testcase name="criacaoAluno" classname="org.fpij.jitakyoei.model.beans.AlunoTest" time="0.01"/>
</testsuite>